Determining if the pthread_create exist failed with the following output:
Change Dir: /ssd_ext/ssd256/workspace/catkin_ws/build/CMakeFiles/CMakeTmp

Run Build Command:"/usr/bin/make" "cmTC_7e28d/fast"
/usr/bin/make -f CMakeFiles/cmTC_7e28d.dir/build.make CMakeFiles/cmTC_7e28d.dir/build
make[1]: Entering directory '/ssd_ext/ssd256/workspace/catkin_ws/build/CMakeFiles/CMakeTmp'
Building C object CMakeFiles/cmTC_7e28d.dir/CheckSymbolExists.c.o
/usr/bin/cc    -o CMakeFiles/cmTC_7e28d.dir/CheckSymbolExists.c.o   -c /ssd_ext/ssd256/workspace/catkin_ws/build/CMakeFiles/CMakeTmp/CheckSymbolExists.c
Linking C executable cmTC_7e28d
/usr/bin/cmake -E cmake_link_script CMakeFiles/cmTC_7e28d.dir/link.txt --verbose=1
/usr/bin/cc      -rdynamic CMakeFiles/cmTC_7e28d.dir/CheckSymbolExists.c.o  -o cmTC_7e28d 
CMakeFiles/cmTC_7e28d.dir/CheckSymbolExists.c.o: In function `main':
CheckSymbolExists.c:(.text+0x14): undefined reference to `pthread_create'
CheckSymbolExists.c:(.text+0x18): undefined reference to `pthread_create'
collect2: error: ld returned 1 exit status
CMakeFiles/cmTC_7e28d.dir/build.make:97: recipe for target 'cmTC_7e28d' failed
make[1]: *** [cmTC_7e28d] Error 1
make[1]: Leaving directory '/ssd_ext/ssd256/workspace/catkin_ws/build/CMakeFiles/CMakeTmp'
Makefile:126: recipe for target 'cmTC_7e28d/fast' failed
make: *** [cmTC_7e28d/fast] Error 2

File /ssd_ext/ssd256/workspace/catkin_ws/build/CMakeFiles/CMakeTmp/CheckSymbolExists.c:
/* */
#include <pthread.h>

int main(int argc, char** argv)
{
  (void)argv;
#ifndef pthread_create
  return ((int*)(&pthread_create))[argc];
#else
  (void)argc;
  return 0;
#endif
}

Determining if the function pthread_create exists in the pthreads failed with the following output:
Change Dir: /ssd_ext/ssd256/workspace/catkin_ws/build/CMakeFiles/CMakeTmp

Run Build Command:"/usr/bin/make" "cmTC_84088/fast"
/usr/bin/make -f CMakeFiles/cmTC_84088.dir/build.make CMakeFiles/cmTC_84088.dir/build
make[1]: Entering directory '/ssd_ext/ssd256/workspace/catkin_ws/build/CMakeFiles/CMakeTmp'
Building C object CMakeFiles/cmTC_84088.dir/CheckFunctionExists.c.o
/usr/bin/cc   -DCHECK_FUNCTION_EXISTS=pthread_create   -o CMakeFiles/cmTC_84088.dir/CheckFunctionExists.c.o   -c /usr/share/cmake-3.10/Modules/CheckFunctionExists.c
Linking C executable cmTC_84088
/usr/bin/cmake -E cmake_link_script CMakeFiles/cmTC_84088.dir/link.txt --verbose=1
/usr/bin/cc  -DCHECK_FUNCTION_EXISTS=pthread_create    -rdynamic CMakeFiles/cmTC_84088.dir/CheckFunctionExists.c.o  -o cmTC_84088 -lpthreads 
/usr/bin/ld: cannot find -lpthreads
collect2: error: ld returned 1 exit status
CMakeFiles/cmTC_84088.dir/build.make:97: recipe for target 'cmTC_84088' failed
make[1]: *** [cmTC_84088] Error 1
make[1]: Leaving directory '/ssd_ext/ssd256/workspace/catkin_ws/build/CMakeFiles/CMakeTmp'
Makefile:126: recipe for target 'cmTC_84088/fast' failed
make: *** [cmTC_84088/fast] Error 2


